<?xml version="1.0" encoding="UTF-8"?>
<testng-results skipped="0" failed="0" total="2" passed="2">
  <reporter-output>
  </reporter-output>
  <suite name="Suite" duration-ms="12943" started-at="2018-10-31T08:14:19Z" finished-at="2018-10-31T08:14:32Z">
    <groups>
    </groups>
    <test name="Test" duration-ms="12943" started-at="2018-10-31T08:14:19Z" finished-at="2018-10-31T08:14:32Z">
      <class name="com.Scripts.Selenium.FbTest">
        <test-method status="PASS" signature="openBrowser(java.lang.String)[pri:0, instance:com.Scripts.Selenium.FbTest@1c62251]" name="openBrowser" is-config="true" duration-ms="5607" started-at="2018-10-31T13:44:14Z" finished-at="2018-10-31T13:44:19Z">
          <params>
            <param index="0">
              <value>
                <![CDATA[firefox]]>
              </value>
            </param>
          </params>
          <reporter-output>
          </reporter-output>
        </test-method> <!-- openBrowser -->
        <test-method status="PASS" signature="beforeTcExecution(java.lang.reflect.Method)[pri:0, instance:com.Scripts.Selenium.FbTest@1c62251]" name="beforeTcExecution" is-config="true" duration-ms="1" started-at="2018-10-31T13:44:19Z" finished-at="2018-10-31T13:44:19Z">
          <params>
            <param index="0">
              <value>
                <![CDATA[public void com.Scripts.Selenium.FbTest.faceBookTest()]]>
              </value>
            </param>
          </params>
          <reporter-output>
          </reporter-output>
        </test-method> <!-- beforeTcExecution -->
        <test-method status="PASS" signature="faceBookTest()[pri:0, instance:com.Scripts.Selenium.FbTest@1c62251]" name="faceBookTest" duration-ms="6539" started-at="2018-10-31T13:44:19Z" finished-at="2018-10-31T13:44:26Z">
          <reporter-output>
          </reporter-output>
        </test-method> <!-- faceBookTest -->
        <test-method status="PASS" signature="afterTcExecution(org.testng.ITestResult)[pri:0, instance:com.Scripts.Selenium.FbTest@1c62251]" name="afterTcExecution" is-config="true" duration-ms="0" started-at="2018-10-31T13:44:26Z" finished-at="2018-10-31T13:44:26Z">
          <params>
            <param index="0">
              <value>
                <![CDATA[[TestResult name=faceBookTest status=SUCCESS method=FbTest.faceBookTest()[pri:0, instance:com.Scripts.Selenium.FbTest@1c62251] output={null}]]]>
              </value>
            </param>
          </params>
          <reporter-output>
          </reporter-output>
        </test-method> <!-- afterTcExecution -->
        <test-method status="PASS" signature="closeBrowser()[pri:0, instance:com.Scripts.Selenium.FbTest@1c62251]" name="closeBrowser" is-config="true" duration-ms="3013" started-at="2018-10-31T13:44:32Z" finished-at="2018-10-31T13:44:35Z">
          <reporter-output>
          </reporter-output>
        </test-method> <!-- closeBrowser -->
      </class> <!-- com.Scripts.Selenium.FbTest -->
      <class name="com.Scripts.Selenium.GmailTest">
        <test-method status="PASS" signature="beforeTcExecution(java.lang.reflect.Method)[pri:0, instance:com.Scripts.Selenium.GmailTest@6fa38a]" name="beforeTcExecution" is-config="true" duration-ms="0" started-at="2018-10-31T13:44:26Z" finished-at="2018-10-31T13:44:26Z">
          <params>
            <param index="0">
              <value>
                <![CDATA[public void com.Scripts.Selenium.GmailTest.gmailTest()]]>
              </value>
            </param>
          </params>
          <reporter-output>
          </reporter-output>
        </test-method> <!-- beforeTcExecution -->
        <test-method status="PASS" signature="gmailTest()[pri:0, instance:com.Scripts.Selenium.GmailTest@6fa38a]" name="gmailTest" duration-ms="6370" started-at="2018-10-31T13:44:26Z" finished-at="2018-10-31T13:44:32Z">
          <reporter-output>
          </reporter-output>
        </test-method> <!-- gmailTest -->
        <test-method status="PASS" signature="afterTcExecution(org.testng.ITestResult)[pri:0, instance:com.Scripts.Selenium.GmailTest@6fa38a]" name="afterTcExecution" is-config="true" duration-ms="0" started-at="2018-10-31T13:44:32Z" finished-at="2018-10-31T13:44:32Z">
          <params>
            <param index="0">
              <value>
                <![CDATA[[TestResult name=gmailTest status=SUCCESS method=GmailTest.gmailTest()[pri:0, instance:com.Scripts.Selenium.GmailTest@6fa38a] output={null}]]]>
              </value>
            </param>
          </params>
          <reporter-output>
          </reporter-output>
        </test-method> <!-- afterTcExecution -->
      </class> <!-- com.Scripts.Selenium.GmailTest -->
    </test> <!-- Test -->
  </suite> <!-- Suite -->
</testng-results>
